This file contains any messages produced by compilers while
running configure, to aid debugging if configure makes a mistake.

It was created by configure, which was
generated by GNU Autoconf 2.69.  Invocation command line was

  $ ./configure 

## --------- ##
## Platform. ##
## --------- ##

hostname = baba.local
uname -m = x86_64
uname -r = 20.6.0
uname -s = Darwin
uname -v = Darwin Kernel Version 20.6.0: Mon Aug 30 06:12:21 PDT 2021; root:xnu-7195.141.6~3/RELEASE_X86_64

/usr/bin/uname -p = i386
/bin/uname -X     = unknown

/bin/arch              = unknown
/usr/bin/arch -k       = unknown
/usr/convex/getsysinfo = unknown
/usr/bin/hostinfo      = Mach kernel version:
	 Darwin Kernel Version 20.6.0: Mon Aug 30 06:12:21 PDT 2021; root:xnu-7195.141.6~3/RELEASE_X86_64
Kernel configured for up to 8 processors.
4 processors are physically available.
8 processors are logically available.
Processor type: x86_64h (Intel x86-64h Haswell)
Processors active: 0 1 2 3 4 5 6 7
Primary memory available: 16.00 gigabytes
Default processor set: 687 tasks, 2826 threads, 8 processors
Load average: 2.10, Mach factor: 5.89
/bin/machine           = unknown
/usr/bin/oslevel       = unknown
/bin/universe          = unknown

PATH: /Users/eric/emsdk/upstream/emscripten/cache/sysroot/bin
PATH: /Library/Frameworks/Python.framework/Versions/3.7/bin
PATH: /usr/local/bin
PATH: /Users/eric/emsdk
PATH: /Users/eric/emsdk/upstream/emscripten
PATH: /Users/eric/emsdk/node/14.15.5_64bit/bin
PATH: /Users/eric/bin
PATH: /Users/eric/starbase/bin
PATH: /bin
PATH: /sbin
PATH: /usr/bin
PATH: /usr/sbin
PATH: /opt/X11/bin
PATH: /Users/eric/miniconda3/bin
PATH: /Users/eric/soft/Montage/bin
PATH: .


## ----------- ##
## Core tests. ##
## ----------- ##

configure:2182: checking build system type
configure:2196: result: x86_64-apple-darwin20.6.0
configure:2216: checking host system type
configure:2229: result: x86_64-apple-darwin20.6.0
configure:2249: checking target system type
configure:2262: result: x86_64-apple-darwin20.6.0
configure:2402: checking for gcc
configure:2429: result: /Users/eric/emsdk/upstream/emscripten/emcc
configure:2658: checking for C compiler version
configure:2667: /Users/eric/emsdk/upstream/emscripten/emcc --version >&5
emcc (Emscripten gcc/clang-like replacement + linker emulating GNU ld) 2.0.29 (28ca7fb7ce895b21013212e4644a5794a15a76f9)
Copyright (C) 2014 the Emscripten authors (see AUTHORS.txt)
This is free and open source software under the MIT license.
There is NO warranty; not even for MERCHANTABILITY or FITNESS FOR A PARTICULAR PURPOSE.

configure:2678: $? = 0
configure:2667: /Users/eric/emsdk/upstream/emscripten/emcc -v >&5
emcc (Emscripten gcc/clang-like replacement + linker emulating GNU ld) 2.0.29 (28ca7fb7ce895b21013212e4644a5794a15a76f9)
clang version 14.0.0 (https://github.com/llvm/llvm-project 8e284be04f2cd43a821289133a759afa2844f935)
Target: wasm32-unknown-emscripten
Thread model: posix
InstalledDir: /Users/eric/emsdk/upstream/bin
configure:2678: $? = 0
configure:2667: /Users/eric/emsdk/upstream/emscripten/emcc -V >&5
emcc: error: no input files
configure:2678: $? = 1
configure:2667: /Users/eric/emsdk/upstream/emscripten/emcc -qversion >&5
emcc: error: no input files
configure:2678: $? = 1
configure:2698: checking whether the C compiler works
configure:2720: /Users/eric/emsdk/upstream/emscripten/emcc    conftest.c  >&5
configure:2724: $? = 0
configure:2772: result: yes
configure:2775: checking for C compiler default output file name
configure:2777: result: a.out
configure:2783: checking for suffix of executables
configure:2790: /Users/eric/emsdk/upstream/emscripten/emcc -o conftest    conftest.c  >&5
configure:2794: $? = 0
configure:2816: result: 
configure:2838: checking whether we are cross compiling
configure:2846: /Users/eric/emsdk/upstream/emscripten/emcc -o conftest    conftest.c  >&5
configure:2850: $? = 0
configure:2857: ./conftest
configure:2861: $? = 0
configure:2876: result: no
configure:2881: checking for suffix of object files
configure:2903: /Users/eric/emsdk/upstream/emscripten/emcc -c   conftest.c >&5
configure:2907: $? = 0
configure:2928: result: o
configure:2932: checking whether we are using the GNU C compiler
configure:2951: /Users/eric/emsdk/upstream/emscripten/emcc -c   conftest.c >&5
configure:2951: $? = 0
configure:2960: result: yes
configure:2969: checking whether /Users/eric/emsdk/upstream/emscripten/emcc accepts -g
configure:2989: /Users/eric/emsdk/upstream/emscripten/emcc -c -g  conftest.c >&5
configure:2989: $? = 0
configure:3030: result: yes
configure:3047: checking for /Users/eric/emsdk/upstream/emscripten/emcc option to accept ISO C89
configure:3110: /Users/eric/emsdk/upstream/emscripten/emcc  -c -g -O2  conftest.c >&5
configure:3110: $? = 0
configure:3123: result: none needed
configure:3149: checking how to run the C preprocessor
configure:3180: /Users/eric/emsdk/upstream/emscripten/emcc -E  conftest.c
configure:3180: $? = 0
configure:3194: /Users/eric/emsdk/upstream/emscripten/emcc -E  conftest.c
conftest.c:9:10: fatal error: 'ac_nonexistent.h' file not found
#include <ac_nonexistent.h>
         ^~~~~~~~~~~~~~~~~~
1 error generated.
emcc: error: '/Users/eric/emsdk/upstream/bin/clang -target wasm32-unknown-emscripten -DEMSCRIPTEN -fignore-exceptions -mllvm -combiner-global-alias-analysis=false -mllvm -enable-emscripten-sjlj -mllvm -disable-lsr -D__EMSCRIPTEN_major__=2 -D__EMSCRIPTEN_minor__=0 -D__EMSCRIPTEN_tiny__=29 -D_LIBCPP_ABI_VERSION=2 -Dunix -D__unix -D__unix__ -Werror=implicit-function-declaration -Xclang -iwithsysroot/include/SDL --sysroot=/Users/eric/emsdk/upstream/emscripten/cache/sysroot -Xclang -iwithsysroot/include/compat -E conftest.c' failed (returned 1)
configure:3194: $? = 1
configure: failed program was:
| /* confdefs.h */
| #define PACKAGE_NAME ""
| #define PACKAGE_TARNAME ""
| #define PACKAGE_VERSION ""
| #define PACKAGE_STRING ""
| #define PACKAGE_BUGREPORT ""
| #define PACKAGE_URL ""
| /* end confdefs.h.  */
| #include <ac_nonexistent.h>
configure:3219: result: /Users/eric/emsdk/upstream/emscripten/emcc -E
configure:3239: /Users/eric/emsdk/upstream/emscripten/emcc -E  conftest.c
configure:3239: $? = 0
configure:3253: /Users/eric/emsdk/upstream/emscripten/emcc -E  conftest.c
conftest.c:9:10: fatal error: 'ac_nonexistent.h' file not found
#include <ac_nonexistent.h>
         ^~~~~~~~~~~~~~~~~~
1 error generated.
emcc: error: '/Users/eric/emsdk/upstream/bin/clang -target wasm32-unknown-emscripten -DEMSCRIPTEN -fignore-exceptions -mllvm -combiner-global-alias-analysis=false -mllvm -enable-emscripten-sjlj -mllvm -disable-lsr -D__EMSCRIPTEN_major__=2 -D__EMSCRIPTEN_minor__=0 -D__EMSCRIPTEN_tiny__=29 -D_LIBCPP_ABI_VERSION=2 -Dunix -D__unix -D__unix__ -Werror=implicit-function-declaration -Xclang -iwithsysroot/include/SDL --sysroot=/Users/eric/emsdk/upstream/emscripten/cache/sysroot -Xclang -iwithsysroot/include/compat -E conftest.c' failed (returned 1)
configure:3253: $? = 1
configure: failed program was:
| /* confdefs.h */
| #define PACKAGE_NAME ""
| #define PACKAGE_TARNAME ""
| #define PACKAGE_VERSION ""
| #define PACKAGE_STRING ""
| #define PACKAGE_BUGREPORT ""
| #define PACKAGE_URL ""
| /* end confdefs.h.  */
| #include <ac_nonexistent.h>
configure:3282: checking for grep that handles long lines and -e
configure:3340: result: /usr/bin/grep
configure:3345: checking for egrep
configure:3407: result: /usr/bin/grep -E
configure:3412: checking for ANSI C header files
configure:3432: /Users/eric/emsdk/upstream/emscripten/emcc -c -g -O2  conftest.c >&5
configure:3432: $? = 0
configure:3505: /Users/eric/emsdk/upstream/emscripten/emcc -o conftest -g -O2   conftest.c  >&5
configure:3505: $? = 0
configure:3505: ./conftest
configure:3505: $? = 0
configure:3516: result: yes
configure:3529: checking for sys/types.h
configure:3529: /Users/eric/emsdk/upstream/emscripten/emcc -c -g -O2  conftest.c >&5
configure:3529: $? = 0
configure:3529: result: yes
configure:3529: checking for sys/stat.h
configure:3529: /Users/eric/emsdk/upstream/emscripten/emcc -c -g -O2  conftest.c >&5
configure:3529: $? = 0
configure:3529: result: yes
configure:3529: checking for stdlib.h
configure:3529: /Users/eric/emsdk/upstream/emscripten/emcc -c -g -O2  conftest.c >&5
configure:3529: $? = 0
configure:3529: result: yes
configure:3529: checking for string.h
configure:3529: /Users/eric/emsdk/upstream/emscripten/emcc -c -g -O2  conftest.c >&5
configure:3529: $? = 0
configure:3529: result: yes
configure:3529: checking for memory.h
configure:3529: /Users/eric/emsdk/upstream/emscripten/emcc -c -g -O2  conftest.c >&5
configure:3529: $? = 0
configure:3529: result: yes
configure:3529: checking for strings.h
configure:3529: /Users/eric/emsdk/upstream/emscripten/emcc -c -g -O2  conftest.c >&5
configure:3529: $? = 0
configure:3529: result: yes
configure:3529: checking for inttypes.h
configure:3529: /Users/eric/emsdk/upstream/emscripten/emcc -c -g -O2  conftest.c >&5
configure:3529: $? = 0
configure:3529: result: yes
configure:3529: checking for stdint.h
configure:3529: /Users/eric/emsdk/upstream/emscripten/emcc -c -g -O2  conftest.c >&5
configure:3529: $? = 0
configure:3529: result: yes
configure:3529: checking for unistd.h
configure:3529: /Users/eric/emsdk/upstream/emscripten/emcc -c -g -O2  conftest.c >&5
configure:3529: $? = 0
configure:3529: result: yes
configure:3818: checking for gcc
configure:3845: result: /Users/eric/emsdk/upstream/emscripten/emcc
configure:4074: checking for C compiler version
configure:4083: /Users/eric/emsdk/upstream/emscripten/emcc --version >&5
emcc (Emscripten gcc/clang-like replacement + linker emulating GNU ld) 2.0.29 (28ca7fb7ce895b21013212e4644a5794a15a76f9)
Copyright (C) 2014 the Emscripten authors (see AUTHORS.txt)
This is free and open source software under the MIT license.
There is NO warranty; not even for MERCHANTABILITY or FITNESS FOR A PARTICULAR PURPOSE.

configure:4094: $? = 0
configure:4083: /Users/eric/emsdk/upstream/emscripten/emcc -v >&5
emcc (Emscripten gcc/clang-like replacement + linker emulating GNU ld) 2.0.29 (28ca7fb7ce895b21013212e4644a5794a15a76f9)
clang version 14.0.0 (https://github.com/llvm/llvm-project 8e284be04f2cd43a821289133a759afa2844f935)
Target: wasm32-unknown-emscripten
Thread model: posix
InstalledDir: /Users/eric/emsdk/upstream/bin
configure:4094: $? = 0
configure:4083: /Users/eric/emsdk/upstream/emscripten/emcc -V >&5
emcc: error: no input files
configure:4094: $? = 1
configure:4083: /Users/eric/emsdk/upstream/emscripten/emcc -qversion >&5
emcc: error: no input files
configure:4094: $? = 1
configure:4098: checking whether we are using the GNU C compiler
configure:4126: result: yes
configure:4135: checking whether /Users/eric/emsdk/upstream/emscripten/emcc accepts -g
configure:4196: result: yes
configure:4213: checking for /Users/eric/emsdk/upstream/emscripten/emcc option to accept ISO C89
configure:4289: result: none needed
configure:4313: cfitsio: == Fortran compiler search has been overridden
configure:4315: cfitsio: == Cfitsio will be built without Fortran wrapper support
configure:4396: checking for ar
configure:4424: result: /Users/eric/emsdk/upstream/emscripten/emar
configure:4481: checking for ranlib
configure:4508: result: /Users/eric/emsdk/upstream/emscripten/emranlib
configure:4534: checking for stdlib.h
configure:4534: result: yes
configure:4534: checking for string.h
configure:4534: result: yes
configure:4534: checking math.h usability
configure:4534: /Users/eric/emsdk/upstream/emscripten/emcc -c -g -O2  conftest.c >&5
configure:4534: $? = 0
configure:4534: result: yes
configure:4534: checking math.h presence
configure:4534: /Users/eric/emsdk/upstream/emscripten/emcc -E  conftest.c
configure:4534: $? = 0
configure:4534: result: yes
configure:4534: checking for math.h
configure:4534: result: yes
configure:4534: checking limits.h usability
configure:4534: /Users/eric/emsdk/upstream/emscripten/emcc -c -g -O2  conftest.c >&5
configure:4534: $? = 0
configure:4534: result: yes
configure:4534: checking limits.h presence
configure:4534: /Users/eric/emsdk/upstream/emscripten/emcc -E  conftest.c
configure:4534: $? = 0
configure:4534: result: yes
configure:4534: checking for limits.h
configure:4534: result: yes
configure:4557: /Users/eric/emsdk/upstream/emscripten/emcc -c -g -O2  conftest.c >&5
configure:4557: $? = 0
configure:4897: checking for curl-config
configure:4913: found /usr/bin/curl-config
configure:4924: result: curl-config
configure:4966: checking for inflateEnd in -lz
configure:4991: /Users/eric/emsdk/upstream/emscripten/emcc -o conftest -g -O2  -fPIC -fno-common  -g -O2 conftest.c -lz   >&5
wasm-ld: warning: function signature mismatch: inflateEnd
>>> defined as () -> i32 in /var/folders/hl/0rxttnz48xldqq006s7f7t980000gp/T/emscripten_temp_kw3mvh7x/conftest_0.o
>>> defined as (i32) -> i32 in /Users/eric/emsdk/upstream/emscripten/cache/sysroot/lib/wasm32-emscripten/libz.a(inflate.c.o)
configure:4991: $? = 0
configure:5000: result: yes
configure:5031: checking whether ftruncate works
configure:5047: /Users/eric/emsdk/upstream/emscripten/emcc -o conftest -g -O2  -fPIC -fno-common  -g -O2 conftest.c -lz  >&5
configure:5047: $? = 0
configure:5051: result: yes
configure:5065: checking whether long long is defined
configure:5081: /Users/eric/emsdk/upstream/emscripten/emcc -c -g -O2  -fPIC -fno-common  conftest.c >&5
configure:5081: $? = 0
configure:5085: result: yes
configure:5106: checking whether system V style IPC services are supported
configure:5127: /Users/eric/emsdk/upstream/emscripten/emcc -o conftest -g -O2  -fPIC -fno-common  -g -O2 conftest.c -lz  >&5
error: undefined symbol: semget (referenced by top-level compiled C/C++ code)
warning: Link with `-s LLD_REPORT_UNDEFINED` to get more information on undefined symbols
warning: To disable errors for undefined symbols use `-s ERROR_ON_UNDEFINED_SYMBOLS=0`
warning: _semget may need to be added to EXPORTED_FUNCTIONS if it arrives from a system library
error: undefined symbol: shmat (referenced by top-level compiled C/C++ code)
warning: _shmat may need to be added to EXPORTED_FUNCTIONS if it arrives from a system library
error: undefined symbol: shmdt (referenced by top-level compiled C/C++ code)
warning: _shmdt may need to be added to EXPORTED_FUNCTIONS if it arrives from a system library
error: undefined symbol: shmget (referenced by top-level compiled C/C++ code)
warning: _shmget may need to be added to EXPORTED_FUNCTIONS if it arrives from a system library
Error: Aborting compilation due to previous errors
emcc: error: '/Users/eric/emsdk/node/14.15.5_64bit/bin/node /Users/eric/emsdk/upstream/emscripten/src/compiler.js /var/folders/hl/0rxttnz48xldqq006s7f7t980000gp/T/tmpk9w9t010.txt' failed (returned 1)
configure:5127: $? = 1
configure: failed program was:
| /* confdefs.h */
| #define PACKAGE_NAME ""
| #define PACKAGE_TARNAME ""
| #define PACKAGE_VERSION ""
| #define PACKAGE_STRING ""
| #define PACKAGE_BUGREPORT ""
| #define PACKAGE_URL ""
| #define STDC_HEADERS 1
| #define HAVE_SYS_TYPES_H 1
| #define HAVE_SYS_STAT_H 1
| #define HAVE_STDLIB_H 1
| #define HAVE_STRING_H 1
| #define HAVE_MEMORY_H 1
| #define HAVE_STRINGS_H 1
| #define HAVE_INTTYPES_H 1
| #define HAVE_STDINT_H 1
| #define HAVE_UNISTD_H 1
| #define HAVE_STDLIB_H 1
| #define HAVE_STRING_H 1
| #define HAVE_MATH_H 1
| #define HAVE_LIMITS_H 1
| #define _LARGEFILE_SOURCE 1
| #define _FILE_OFFSET_BITS 64
| #define CFITSIO_HAVE_CURL 1
| #define HAVE_LIBZ 1
| #define HAVE_FTRUNCATE 1
| #define HAVE_LONGLONG 1
| /* end confdefs.h.  */
| #include <sys/ipc.h>
| #include <sys/shm.h>
| #include <sys/sem.h>
| 
| int
| main ()
| {
| 
| shmat(0, 0, 0);
| shmdt(0);
| shmget(0, 0, 0);
| semget(0, 0, 0);
| 
|   ;
|   return 0;
| }
configure:5136: result: no
configure:5148: checking whether flock_t is defined in sys/fcntl.h
configure:5164: /Users/eric/emsdk/upstream/emscripten/emcc -c -g -O2  -fPIC -fno-common  conftest.c >&5
In file included from conftest.c:29:
/Users/eric/emsdk/upstream/emscripten/cache/sysroot/include/sys/fcntl.h:1:2: warning: redirecting incorrect #include <sys/fcntl.h> to <fcntl.h> [-W#warnings]
#warning redirecting incorrect #include <sys/fcntl.h> to <fcntl.h>
 ^
conftest.c:35:1: error: use of undeclared identifier 'flock_t'
flock_t filler;
^
1 warning and 1 error generated.
emcc: error: '/Users/eric/emsdk/upstream/bin/clang -target wasm32-unknown-emscripten -DEMSCRIPTEN -fignore-exceptions -mllvm -combiner-global-alias-analysis=false -mllvm -enable-emscripten-sjlj -mllvm -disable-lsr -D__EMSCRIPTEN_major__=2 -D__EMSCRIPTEN_minor__=0 -D__EMSCRIPTEN_tiny__=29 -D_LIBCPP_ABI_VERSION=2 -Dunix -D__unix -D__unix__ -Werror=implicit-function-declaration -Xclang -iwithsysroot/include/SDL --sysroot=/Users/eric/emsdk/upstream/emscripten/cache/sysroot -Xclang -iwithsysroot/include/compat -c -g -O2 -fPIC -fno-common conftest.c -o conftest.o' failed (returned 1)
configure:5164: $? = 1
configure: failed program was:
| /* confdefs.h */
| #define PACKAGE_NAME ""
| #define PACKAGE_TARNAME ""
| #define PACKAGE_VERSION ""
| #define PACKAGE_STRING ""
| #define PACKAGE_BUGREPORT ""
| #define PACKAGE_URL ""
| #define STDC_HEADERS 1
| #define HAVE_SYS_TYPES_H 1
| #define HAVE_SYS_STAT_H 1
| #define HAVE_STDLIB_H 1
| #define HAVE_STRING_H 1
| #define HAVE_MEMORY_H 1
| #define HAVE_STRINGS_H 1
| #define HAVE_INTTYPES_H 1
| #define HAVE_STDINT_H 1
| #define HAVE_UNISTD_H 1
| #define HAVE_STDLIB_H 1
| #define HAVE_STRING_H 1
| #define HAVE_MATH_H 1
| #define HAVE_LIMITS_H 1
| #define _LARGEFILE_SOURCE 1
| #define _FILE_OFFSET_BITS 64
| #define CFITSIO_HAVE_CURL 1
| #define HAVE_LIBZ 1
| #define HAVE_FTRUNCATE 1
| #define HAVE_LONGLONG 1
| /* end confdefs.h.  */
| #include <sys/fcntl.h>
| 
| int
| main ()
| {
| 
| flock_t filler;
| 
|   ;
|   return 0;
| }
configure:5172: result: no
configure:5178: checking whether flock_t is defined in sys/flock.h
configure:5194: /Users/eric/emsdk/upstream/emscripten/emcc -c -g -O2  -fPIC -fno-common  conftest.c >&5
conftest.c:29:10: fatal error: 'sys/flock.h' file not found
#include <sys/flock.h>
         ^~~~~~~~~~~~~
1 error generated.
emcc: error: '/Users/eric/emsdk/upstream/bin/clang -target wasm32-unknown-emscripten -DEMSCRIPTEN -fignore-exceptions -mllvm -combiner-global-alias-analysis=false -mllvm -enable-emscripten-sjlj -mllvm -disable-lsr -D__EMSCRIPTEN_major__=2 -D__EMSCRIPTEN_minor__=0 -D__EMSCRIPTEN_tiny__=29 -D_LIBCPP_ABI_VERSION=2 -Dunix -D__unix -D__unix__ -Werror=implicit-function-declaration -Xclang -iwithsysroot/include/SDL --sysroot=/Users/eric/emsdk/upstream/emscripten/cache/sysroot -Xclang -iwithsysroot/include/compat -c -g -O2 -fPIC -fno-common conftest.c -o conftest.o' failed (returned 1)
configure:5194: $? = 1
configure: failed program was:
| /* confdefs.h */
| #define PACKAGE_NAME ""
| #define PACKAGE_TARNAME ""
| #define PACKAGE_VERSION ""
| #define PACKAGE_STRING ""
| #define PACKAGE_BUGREPORT ""
| #define PACKAGE_URL ""
| #define STDC_HEADERS 1
| #define HAVE_SYS_TYPES_H 1
| #define HAVE_SYS_STAT_H 1
| #define HAVE_STDLIB_H 1
| #define HAVE_STRING_H 1
| #define HAVE_MEMORY_H 1
| #define HAVE_STRINGS_H 1
| #define HAVE_INTTYPES_H 1
| #define HAVE_STDINT_H 1
| #define HAVE_UNISTD_H 1
| #define HAVE_STDLIB_H 1
| #define HAVE_STRING_H 1
| #define HAVE_MATH_H 1
| #define HAVE_LIMITS_H 1
| #define _LARGEFILE_SOURCE 1
| #define _FILE_OFFSET_BITS 64
| #define CFITSIO_HAVE_CURL 1
| #define HAVE_LIBZ 1
| #define HAVE_FTRUNCATE 1
| #define HAVE_LONGLONG 1
| /* end confdefs.h.  */
| #include <sys/flock.h>
| 
| int
| main ()
| {
| 
|    flock_t filler;
| 
|   ;
|   return 0;
| }
configure:5202: result: no
configure:5270: checking whether union semun is defined
configure:5288: /Users/eric/emsdk/upstream/emscripten/emcc -c -g -O2  -fPIC -fno-common  conftest.c >&5
conftest.c:37:13: error: variable has incomplete type 'union semun'
union semun filler;
            ^
conftest.c:37:7: note: forward declaration of 'union semun'
union semun filler;
      ^
1 error generated.
emcc: error: '/Users/eric/emsdk/upstream/bin/clang -target wasm32-unknown-emscripten -DEMSCRIPTEN -fignore-exceptions -mllvm -combiner-global-alias-analysis=false -mllvm -enable-emscripten-sjlj -mllvm -disable-lsr -D__EMSCRIPTEN_major__=2 -D__EMSCRIPTEN_minor__=0 -D__EMSCRIPTEN_tiny__=29 -D_LIBCPP_ABI_VERSION=2 -Dunix -D__unix -D__unix__ -Werror=implicit-function-declaration -Xclang -iwithsysroot/include/SDL --sysroot=/Users/eric/emsdk/upstream/emscripten/cache/sysroot -Xclang -iwithsysroot/include/compat -c -g -O2 -fPIC -fno-common conftest.c -o conftest.o' failed (returned 1)
configure:5288: $? = 1
configure: failed program was:
| /* confdefs.h */
| #define PACKAGE_NAME ""
| #define PACKAGE_TARNAME ""
| #define PACKAGE_VERSION ""
| #define PACKAGE_STRING ""
| #define PACKAGE_BUGREPORT ""
| #define PACKAGE_URL ""
| #define STDC_HEADERS 1
| #define HAVE_SYS_TYPES_H 1
| #define HAVE_SYS_STAT_H 1
| #define HAVE_STDLIB_H 1
| #define HAVE_STRING_H 1
| #define HAVE_MEMORY_H 1
| #define HAVE_STRINGS_H 1
| #define HAVE_INTTYPES_H 1
| #define HAVE_STDINT_H 1
| #define HAVE_UNISTD_H 1
| #define HAVE_STDLIB_H 1
| #define HAVE_STRING_H 1
| #define HAVE_MATH_H 1
| #define HAVE_LIMITS_H 1
| #define _LARGEFILE_SOURCE 1
| #define _FILE_OFFSET_BITS 64
| #define CFITSIO_HAVE_CURL 1
| #define HAVE_LIBZ 1
| #define HAVE_FTRUNCATE 1
| #define HAVE_LONGLONG 1
| /* end confdefs.h.  */
| #include <sys/ipc.h>
| #include <sys/shm.h>
| #include <sys/sem.h>
| 
| int
| main ()
| {
| 
| union semun filler;
| 
|   ;
|   return 0;
| }
configure:5296: result: no
configure:5305: checking for fmemopen
configure:5305: /Users/eric/emsdk/upstream/emscripten/emcc -o conftest -g -O2  -fPIC -fno-common  -g -O2 conftest.c -lz  >&5
wasm-ld: warning: function signature mismatch: fmemopen
>>> defined as () -> i32 in /var/folders/hl/0rxttnz48xldqq006s7f7t980000gp/T/emscripten_temp_wsn1r0p7/conftest_0.o
>>> defined as (i32, i32, i32) -> i32 in /Users/eric/emsdk/upstream/emscripten/cache/sysroot/lib/wasm32-emscripten/libc.a(fmemopen.o)
configure:5305: $? = 0
configure:5305: result: yes
configure:5318: checking for library containing gethostbyname
configure:5349: /Users/eric/emsdk/upstream/emscripten/emcc -o conftest -g -O2  -fPIC -fno-common  -g -O2 conftest.c -lz  >&5
configure:5349: $? = 0
configure:5366: result: none required
configure:5376: checking for library containing connect
configure:5407: /Users/eric/emsdk/upstream/emscripten/emcc -o conftest -g -O2  -fPIC -fno-common  -g -O2 conftest.c -lz  >&5
wasm-ld: warning: function signature mismatch: connect
>>> defined as () -> i32 in /var/folders/hl/0rxttnz48xldqq006s7f7t980000gp/T/emscripten_temp_r3tml7di/conftest_0.o
>>> defined as (i32, i32, i32) -> i32 in /Users/eric/emsdk/upstream/emscripten/cache/sysroot/lib/wasm32-emscripten/libsockets.a(connect.o)
configure:5407: $? = 0
configure:5424: result: none required
configure:5594: creating ./config.status

## ---------------------- ##
## Running config.status. ##
## ---------------------- ##

This file was extended by config.status, which was
generated by GNU Autoconf 2.69.  Invocation command line was

  CONFIG_FILES    = 
  CONFIG_HEADERS  = 
  CONFIG_LINKS    = 
  CONFIG_COMMANDS = 
  $ ./config.status 

on baba.local

config.status:760: creating Makefile
configure:6751: creating ./config.status

## ---------------------- ##
## Running config.status. ##
## ---------------------- ##

This file was extended by config.status, which was
generated by GNU Autoconf 2.69.  Invocation command line was

  CONFIG_FILES    = 
  CONFIG_HEADERS  = 
  CONFIG_LINKS    = 
  CONFIG_COMMANDS = 
  $ ./config.status 

on baba.local

config.status:761: creating Makefile
config.status:761: creating cfitsio.pc
configure:7759: result: 
configure:7761: result:     Congratulations, Makefile update was successful.
configure:7763: result:     You may want to run "make" now.
configure:7765: result: 

## ---------------- ##
## Cache variables. ##
## ---------------- ##

ac_cv_build=x86_64-apple-darwin20.6.0
ac_cv_c_compiler_gnu=yes
ac_cv_env_CC_set=set
ac_cv_env_CC_value=/Users/eric/emsdk/upstream/emscripten/emcc
ac_cv_env_CFLAGS_set=
ac_cv_env_CFLAGS_value=
ac_cv_env_CPPFLAGS_set=
ac_cv_env_CPPFLAGS_value=
ac_cv_env_CPP_set=
ac_cv_env_CPP_value=
ac_cv_env_LDFLAGS_set=
ac_cv_env_LDFLAGS_value=
ac_cv_env_LIBS_set=
ac_cv_env_LIBS_value=
ac_cv_env_build_alias_set=
ac_cv_env_build_alias_value=
ac_cv_env_host_alias_set=
ac_cv_env_host_alias_value=
ac_cv_env_target_alias_set=
ac_cv_env_target_alias_value=
ac_cv_func_fmemopen=yes
ac_cv_header_inttypes_h=yes
ac_cv_header_limits_h=yes
ac_cv_header_math_h=yes
ac_cv_header_memory_h=yes
ac_cv_header_stdc=yes
ac_cv_header_stdint_h=yes
ac_cv_header_stdlib_h=yes
ac_cv_header_string_h=yes
ac_cv_header_strings_h=yes
ac_cv_header_sys_stat_h=yes
ac_cv_header_sys_types_h=yes
ac_cv_header_unistd_h=yes
ac_cv_host=x86_64-apple-darwin20.6.0
ac_cv_lib_z_inflateEnd=yes
ac_cv_objext=o
ac_cv_path_EGREP='/usr/bin/grep -E'
ac_cv_path_GREP=/usr/bin/grep
ac_cv_prog_AR=/Users/eric/emsdk/upstream/emscripten/emar
ac_cv_prog_CPP='/Users/eric/emsdk/upstream/emscripten/emcc -E'
ac_cv_prog_CURLCONFIG=curl-config
ac_cv_prog_ac_ct_CC=/Users/eric/emsdk/upstream/emscripten/emcc
ac_cv_prog_ac_ct_RANLIB=/Users/eric/emsdk/upstream/emscripten/emranlib
ac_cv_prog_cc_c89=
ac_cv_prog_cc_g=yes
ac_cv_search_connect='none required'
ac_cv_search_gethostbyname='none required'
ac_cv_target=x86_64-apple-darwin20.6.0

## ----------------- ##
## Output variables. ##
## ----------------- ##

AR='/Users/eric/emsdk/upstream/emscripten/emar'
ARCH='i386'
ARCHIVE='/Users/eric/emsdk/upstream/emscripten/emar rv'
CC='/Users/eric/emsdk/upstream/emscripten/emcc'
CFITSIO_MAJOR='4'
CFITSIO_MICRO='0'
CFITSIO_MINOR='0'
CFITSIO_SHLIB='lib${PACKAGE}.${CFITSIO_SONAME}.${CFITSIO_MAJOR}.${CFITSIO_MINOR}.${CFITSIO_MICRO}${SHLIB_SUFFIX}'
CFITSIO_SHLIB_SONAME='lib${PACKAGE}.${CFITSIO_SONAME}${SHLIB_SUFFIX}'
CFITSIO_SONAME='9'
CFLAGS='-g -O2  -fPIC -fno-common'
CPP='/Users/eric/emsdk/upstream/emscripten/emcc -E'
CPPFLAGS=''
CURLCONFIG='curl-config'
DEFS='-DPACKAGE_NAME=\"\" -DPACKAGE_TARNAME=\"\" -DPACKAGE_VERSION=\"\" -DPACKAGE_STRING=\"\" -DPACKAGE_BUGREPORT=\"\" -DPACKAGE_URL=\"\" -DSTDC_HEADERS=1 -DHAVE_SYS_TYPES_H=1 -DHAVE_SYS_STAT_H=1 -DHAVE_STDLIB_H=1 -DHAVE_STRING_H=1 -DHAVE_MEMORY_H=1 -DHAVE_STRINGS_H=1 -DHAVE_INTTYPES_H=1 -DHAVE_STDINT_H=1 -DHAVE_UNISTD_H=1 -DHAVE_STDLIB_H=1 -DHAVE_STRING_H=1 -DHAVE_MATH_H=1 -DHAVE_LIMITS_H=1 -D_LARGEFILE_SOURCE=1 -D_FILE_OFFSET_BITS=64 -DCFITSIO_HAVE_CURL=1 -DHAVE_LIBZ=1 -DHAVE_FTRUNCATE=1 -DHAVE_LONGLONG=1 -DHAVE_FMEMOPEN=1 -DHAVE_NET_SERVICES=1'
ECHO_C='\c'
ECHO_N=''
ECHO_T=''
EGREP='/usr/bin/grep -E'
EXEEXT=''
F77_WRAPPERS=''
FC=''
GCCVERSION='2.0.29'
GREP='/usr/bin/grep'
GSIFTP_SRC=''
INSTALL_ROOT='${prefix}'
LDFLAGS='-g -O2'
LDFLAGS_BIN='-g -O2 -Wl,-rpath,${CFITSIO_LIB}'
LIBOBJS=''
LIBPRE=''
LIBS='-lz '
LIBS_CURL='-lcurl'
LTLIBOBJS=''
OBJEXT='o'
PACKAGE_BUGREPORT=''
PACKAGE_NAME=''
PACKAGE_STRING=''
PACKAGE_TARNAME=''
PACKAGE_URL=''
PACKAGE_VERSION=''
PATH_SEPARATOR=':'
RANLIB='/Users/eric/emsdk/upstream/emscripten/emranlib'
SHELL='/bin/sh'
SHLIB_LD='/Users/eric/emsdk/upstream/emscripten/emcc -dynamiclib  -headerpad_max_install_names -install_name @rpath/lib${PACKAGE}.${CFITSIO_SONAME}${SHLIB_SUFFIX} -compatibility_version ${CFITSIO_SONAME} -current_version ${CFITSIO_SONAME}.${CFITSIO_MAJOR}.${CFITSIO_MINOR}.${CFITSIO_MICRO}'
SHLIB_SUFFIX='.dylib'
SSE_FLAGS=''
ac_ct_CC='/Users/eric/emsdk/upstream/emscripten/emcc'
bindir='${exec_prefix}/bin'
build='x86_64-apple-darwin20.6.0'
build_alias=''
build_cpu='x86_64'
build_os='darwin20.6.0'
build_vendor='apple'
datadir='${datarootdir}'
datarootdir='${prefix}/share'
docdir='${datarootdir}/doc/${PACKAGE}'
dvidir='${docdir}'
exec_prefix='${prefix}'
host='x86_64-apple-darwin20.6.0'
host_alias=''
host_cpu='x86_64'
host_os='darwin20.6.0'
host_vendor='apple'
htmldir='${docdir}'
includedir='${prefix}/include'
infodir='${datarootdir}/info'
libdir='${exec_prefix}/lib'
libexecdir='${exec_prefix}/libexec'
localedir='${datarootdir}/locale'
localstatedir='${prefix}/var'
mandir='${datarootdir}/man'
my_shmem=''
oldincludedir='/usr/include'
pdfdir='${docdir}'
prefix='/Users/eric/rand/drvrem/cfitsio-4.0.0'
program_transform_name='s,x,x,'
psdir='${docdir}'
sbindir='${exec_prefix}/sbin'
sharedstatedir='${prefix}/com'
sysconfdir='${prefix}/etc'
target='x86_64-apple-darwin20.6.0'
target_alias=''
target_cpu='x86_64'
target_os='darwin20.6.0'
target_vendor='apple'

## ----------- ##
## confdefs.h. ##
## ----------- ##

/* confdefs.h */
#define PACKAGE_NAME ""
#define PACKAGE_TARNAME ""
#define PACKAGE_VERSION ""
#define PACKAGE_STRING ""
#define PACKAGE_BUGREPORT ""
#define PACKAGE_URL ""
#define STDC_HEADERS 1
#define HAVE_SYS_TYPES_H 1
#define HAVE_SYS_STAT_H 1
#define HAVE_STDLIB_H 1
#define HAVE_STRING_H 1
#define HAVE_MEMORY_H 1
#define HAVE_STRINGS_H 1
#define HAVE_INTTYPES_H 1
#define HAVE_STDINT_H 1
#define HAVE_UNISTD_H 1
#define HAVE_STDLIB_H 1
#define HAVE_STRING_H 1
#define HAVE_MATH_H 1
#define HAVE_LIMITS_H 1
#define _LARGEFILE_SOURCE 1
#define _FILE_OFFSET_BITS 64
#define CFITSIO_HAVE_CURL 1
#define HAVE_LIBZ 1
#define HAVE_FTRUNCATE 1
#define HAVE_LONGLONG 1
#define HAVE_FMEMOPEN 1
#define HAVE_NET_SERVICES 1

configure: exit 0
