This file contains any messages produced by compilers while
running configure, to aid debugging if configure makes a mistake.

It was created by configure, which was
generated by GNU Autoconf 2.69.  Invocation command line was

  $ ./configure 

## --------- ##
## Platform. ##
## --------- ##

hostname = baba.local
uname -m = x86_64
uname -r = 19.6.0
uname -s = Darwin
uname -v = Darwin Kernel Version 19.6.0: Thu May  6 00:48:39 PDT 2021; root:xnu-6153.141.33~1/RELEASE_X86_64

/usr/bin/uname -p = i386
/bin/uname -X     = unknown

/bin/arch              = unknown
/usr/bin/arch -k       = unknown
/usr/convex/getsysinfo = unknown
/usr/bin/hostinfo      = Mach kernel version:
	 Darwin Kernel Version 19.6.0: Thu May  6 00:48:39 PDT 2021; root:xnu-6153.141.33~1/RELEASE_X86_64
Kernel configured for up to 8 processors.
4 processors are physically available.
8 processors are logically available.
Processor type: x86_64h (Intel x86-64h Haswell)
Processors active: 0 1 2 3 4 5 6 7
Primary memory available: 16.00 gigabytes
Default processor set: 434 tasks, 1867 threads, 8 processors
Load average: 2.42, Mach factor: 5.57
/bin/machine           = unknown
/usr/bin/oslevel       = unknown
/bin/universe          = unknown

PATH: /Users/eric/emsdk/upstream/emscripten/cache/sysroot/bin
PATH: /Library/Frameworks/Python.framework/Versions/3.7/bin
PATH: /usr/local/bin
PATH: /Users/eric/emsdk
PATH: /Users/eric/emsdk/upstream/emscripten
PATH: /Users/eric/emsdk/node/14.15.5_64bit/bin
PATH: /Users/eric/bin
PATH: /Users/eric/starbase/bin
PATH: /bin
PATH: /sbin
PATH: /usr/bin
PATH: /usr/sbin
PATH: /opt/X11/bin
PATH: /Users/eric/miniconda3/bin
PATH: /Users/eric/zhtools/bin
PATH: /Users/eric/soft/Montage/bin
PATH: /Users/eric/soft/wcstools-3.9.6/bin
PATH: .


## ----------- ##
## Core tests. ##
## ----------- ##

configure:2181: checking build system type
configure:2195: result: x86_64-apple-darwin19.6.0
configure:2215: checking host system type
configure:2228: result: x86_64-apple-darwin19.6.0
configure:2248: checking target system type
configure:2261: result: x86_64-apple-darwin19.6.0
configure:2399: checking for gcc
configure:2426: result: /Users/eric/emsdk/upstream/emscripten/emcc
configure:2655: checking for C compiler version
configure:2664: /Users/eric/emsdk/upstream/emscripten/emcc --version >&5
emcc (Emscripten gcc/clang-like replacement + linker emulating GNU ld) 2.0.23 (b15ca40ca02f469de3bf9a4de67a2655aede8974)
Copyright (C) 2014 the Emscripten authors (see AUTHORS.txt)
This is free and open source software under the MIT license.
There is NO warranty; not even for MERCHANTABILITY or FITNESS FOR A PARTICULAR PURPOSE.

configure:2675: $? = 0
configure:2664: /Users/eric/emsdk/upstream/emscripten/emcc -v >&5
emcc (Emscripten gcc/clang-like replacement + linker emulating GNU ld) 2.0.23 (b15ca40ca02f469de3bf9a4de67a2655aede8974)
clang version 13.0.0 (/opt/s/w/ir/cache/git/chromium.googlesource.com-external-github.com-llvm-llvm--project 5852582532b3eb3ea8da51a1e272d8d017bd36c9)
Target: wasm32-unknown-emscripten
Thread model: posix
InstalledDir: /Users/eric/emsdk/upstream/bin
configure:2675: $? = 0
configure:2664: /Users/eric/emsdk/upstream/emscripten/emcc -V >&5
emcc: error: no input files
configure:2675: $? = 1
configure:2664: /Users/eric/emsdk/upstream/emscripten/emcc -qversion >&5
emcc: error: no input files
configure:2675: $? = 1
configure:2695: checking whether the C compiler works
configure:2717: /Users/eric/emsdk/upstream/emscripten/emcc    conftest.c  >&5
configure:2721: $? = 0
configure:2769: result: yes
configure:2772: checking for C compiler default output file name
configure:2774: result: a.out
configure:2780: checking for suffix of executables
configure:2787: /Users/eric/emsdk/upstream/emscripten/emcc -o conftest    conftest.c  >&5
configure:2791: $? = 0
configure:2813: result: 
configure:2835: checking whether we are cross compiling
configure:2843: /Users/eric/emsdk/upstream/emscripten/emcc -o conftest    conftest.c  >&5
configure:2847: $? = 0
configure:2854: ./conftest
configure:2858: $? = 0
configure:2873: result: no
configure:2878: checking for suffix of object files
configure:2900: /Users/eric/emsdk/upstream/emscripten/emcc -c   conftest.c >&5
configure:2904: $? = 0
configure:2925: result: o
configure:2929: checking whether we are using the GNU C compiler
configure:2948: /Users/eric/emsdk/upstream/emscripten/emcc -c   conftest.c >&5
configure:2948: $? = 0
configure:2957: result: yes
configure:2966: checking whether /Users/eric/emsdk/upstream/emscripten/emcc accepts -g
configure:2986: /Users/eric/emsdk/upstream/emscripten/emcc -c -g  conftest.c >&5
configure:2986: $? = 0
configure:3027: result: yes
configure:3044: checking for /Users/eric/emsdk/upstream/emscripten/emcc option to accept ISO C89
configure:3107: /Users/eric/emsdk/upstream/emscripten/emcc  -c -g -O2  conftest.c >&5
configure:3107: $? = 0
configure:3120: result: none needed
configure:3146: checking how to run the C preprocessor
configure:3177: /Users/eric/emsdk/upstream/emscripten/emcc -E  conftest.c
configure:3177: $? = 0
configure:3191: /Users/eric/emsdk/upstream/emscripten/emcc -E  conftest.c
conftest.c:9:10: fatal error: 'ac_nonexistent.h' file not found
#include <ac_nonexistent.h>
         ^~~~~~~~~~~~~~~~~~
1 error generated.
emcc: error: '/Users/eric/emsdk/upstream/bin/clang -target wasm32-unknown-emscripten -DEMSCRIPTEN -fignore-exceptions -mllvm -combiner-global-alias-analysis=false -mllvm -enable-emscripten-sjlj -mllvm -disable-lsr -D__EMSCRIPTEN_major__=2 -D__EMSCRIPTEN_minor__=0 -D__EMSCRIPTEN_tiny__=23 -D_LIBCPP_ABI_VERSION=2 -Dunix -D__unix -D__unix__ -Werror=implicit-function-declaration -Xclang -iwithsysroot/include/SDL --sysroot=/Users/eric/emsdk/upstream/emscripten/cache/sysroot -Xclang -iwithsysroot/include/compat -E conftest.c' failed (returned 1)
configure:3191: $? = 1
configure: failed program was:
| /* confdefs.h */
| #define PACKAGE_NAME ""
| #define PACKAGE_TARNAME ""
| #define PACKAGE_VERSION ""
| #define PACKAGE_STRING ""
| #define PACKAGE_BUGREPORT ""
| #define PACKAGE_URL ""
| /* end confdefs.h.  */
| #include <ac_nonexistent.h>
configure:3216: result: /Users/eric/emsdk/upstream/emscripten/emcc -E
configure:3236: /Users/eric/emsdk/upstream/emscripten/emcc -E  conftest.c
configure:3236: $? = 0
configure:3250: /Users/eric/emsdk/upstream/emscripten/emcc -E  conftest.c
conftest.c:9:10: fatal error: 'ac_nonexistent.h' file not found
#include <ac_nonexistent.h>
         ^~~~~~~~~~~~~~~~~~
1 error generated.
emcc: error: '/Users/eric/emsdk/upstream/bin/clang -target wasm32-unknown-emscripten -DEMSCRIPTEN -fignore-exceptions -mllvm -combiner-global-alias-analysis=false -mllvm -enable-emscripten-sjlj -mllvm -disable-lsr -D__EMSCRIPTEN_major__=2 -D__EMSCRIPTEN_minor__=0 -D__EMSCRIPTEN_tiny__=23 -D_LIBCPP_ABI_VERSION=2 -Dunix -D__unix -D__unix__ -Werror=implicit-function-declaration -Xclang -iwithsysroot/include/SDL --sysroot=/Users/eric/emsdk/upstream/emscripten/cache/sysroot -Xclang -iwithsysroot/include/compat -E conftest.c' failed (returned 1)
configure:3250: $? = 1
configure: failed program was:
| /* confdefs.h */
| #define PACKAGE_NAME ""
| #define PACKAGE_TARNAME ""
| #define PACKAGE_VERSION ""
| #define PACKAGE_STRING ""
| #define PACKAGE_BUGREPORT ""
| #define PACKAGE_URL ""
| /* end confdefs.h.  */
| #include <ac_nonexistent.h>
configure:3279: checking for grep that handles long lines and -e
configure:3337: result: /usr/bin/grep
configure:3342: checking for egrep
configure:3404: result: /usr/bin/grep -E
configure:3409: checking for ANSI C header files
configure:3429: /Users/eric/emsdk/upstream/emscripten/emcc -c -g -O2  conftest.c >&5
configure:3429: $? = 0
configure:3502: /Users/eric/emsdk/upstream/emscripten/emcc -o conftest -g -O2   conftest.c  >&5
configure:3502: $? = 0
configure:3502: ./conftest
configure:3502: $? = 0
configure:3513: result: yes
configure:3526: checking for sys/types.h
configure:3526: /Users/eric/emsdk/upstream/emscripten/emcc -c -g -O2  conftest.c >&5
configure:3526: $? = 0
configure:3526: result: yes
configure:3526: checking for sys/stat.h
configure:3526: /Users/eric/emsdk/upstream/emscripten/emcc -c -g -O2  conftest.c >&5
configure:3526: $? = 0
configure:3526: result: yes
configure:3526: checking for stdlib.h
configure:3526: /Users/eric/emsdk/upstream/emscripten/emcc -c -g -O2  conftest.c >&5
configure:3526: $? = 0
configure:3526: result: yes
configure:3526: checking for string.h
configure:3526: /Users/eric/emsdk/upstream/emscripten/emcc -c -g -O2  conftest.c >&5
configure:3526: $? = 0
configure:3526: result: yes
configure:3526: checking for memory.h
configure:3526: /Users/eric/emsdk/upstream/emscripten/emcc -c -g -O2  conftest.c >&5
configure:3526: $? = 0
configure:3526: result: yes
configure:3526: checking for strings.h
configure:3526: /Users/eric/emsdk/upstream/emscripten/emcc -c -g -O2  conftest.c >&5
configure:3526: $? = 0
configure:3526: result: yes
configure:3526: checking for inttypes.h
configure:3526: /Users/eric/emsdk/upstream/emscripten/emcc -c -g -O2  conftest.c >&5
configure:3526: $? = 0
configure:3526: result: yes
configure:3526: checking for stdint.h
configure:3526: /Users/eric/emsdk/upstream/emscripten/emcc -c -g -O2  conftest.c >&5
configure:3526: $? = 0
configure:3526: result: yes
configure:3526: checking for unistd.h
configure:3526: /Users/eric/emsdk/upstream/emscripten/emcc -c -g -O2  conftest.c >&5
configure:3526: $? = 0
configure:3526: result: yes
configure:3815: checking for gcc
configure:3842: result: /Users/eric/emsdk/upstream/emscripten/emcc
configure:4071: checking for C compiler version
configure:4080: /Users/eric/emsdk/upstream/emscripten/emcc --version >&5
emcc (Emscripten gcc/clang-like replacement + linker emulating GNU ld) 2.0.23 (b15ca40ca02f469de3bf9a4de67a2655aede8974)
Copyright (C) 2014 the Emscripten authors (see AUTHORS.txt)
This is free and open source software under the MIT license.
There is NO warranty; not even for MERCHANTABILITY or FITNESS FOR A PARTICULAR PURPOSE.

configure:4091: $? = 0
configure:4080: /Users/eric/emsdk/upstream/emscripten/emcc -v >&5
emcc (Emscripten gcc/clang-like replacement + linker emulating GNU ld) 2.0.23 (b15ca40ca02f469de3bf9a4de67a2655aede8974)
clang version 13.0.0 (/opt/s/w/ir/cache/git/chromium.googlesource.com-external-github.com-llvm-llvm--project 5852582532b3eb3ea8da51a1e272d8d017bd36c9)
Target: wasm32-unknown-emscripten
Thread model: posix
InstalledDir: /Users/eric/emsdk/upstream/bin
configure:4091: $? = 0
configure:4080: /Users/eric/emsdk/upstream/emscripten/emcc -V >&5
emcc: error: no input files
configure:4091: $? = 1
configure:4080: /Users/eric/emsdk/upstream/emscripten/emcc -qversion >&5
emcc: error: no input files
configure:4091: $? = 1
configure:4095: checking whether we are using the GNU C compiler
configure:4123: result: yes
configure:4132: checking whether /Users/eric/emsdk/upstream/emscripten/emcc accepts -g
configure:4193: result: yes
configure:4210: checking for /Users/eric/emsdk/upstream/emscripten/emcc option to accept ISO C89
configure:4286: result: none needed
configure:4310: cfitsio: == Fortran compiler search has been overridden
configure:4312: cfitsio: == Cfitsio will be built without Fortran wrapper support
configure:4393: checking for ar
configure:4421: result: /Users/eric/emsdk/upstream/emscripten/emar
configure:4478: checking for ranlib
configure:4505: result: /Users/eric/emsdk/upstream/emscripten/emranlib
configure:4531: checking for stdlib.h
configure:4531: result: yes
configure:4531: checking for string.h
configure:4531: result: yes
configure:4531: checking math.h usability
configure:4531: /Users/eric/emsdk/upstream/emscripten/emcc -c -g -O2  conftest.c >&5
configure:4531: $? = 0
configure:4531: result: yes
configure:4531: checking math.h presence
configure:4531: /Users/eric/emsdk/upstream/emscripten/emcc -E  conftest.c
configure:4531: $? = 0
configure:4531: result: yes
configure:4531: checking for math.h
configure:4531: result: yes
configure:4531: checking limits.h usability
configure:4531: /Users/eric/emsdk/upstream/emscripten/emcc -c -g -O2  conftest.c >&5
configure:4531: $? = 0
configure:4531: result: yes
configure:4531: checking limits.h presence
configure:4531: /Users/eric/emsdk/upstream/emscripten/emcc -E  conftest.c
configure:4531: $? = 0
configure:4531: result: yes
configure:4531: checking for limits.h
configure:4531: result: yes
configure:4554: /Users/eric/emsdk/upstream/emscripten/emcc -c -g -O2  conftest.c >&5
configure:4554: $? = 0
configure:4894: checking for curl-config
configure:4910: found /usr/bin/curl-config
configure:4921: result: curl-config
configure:4979: checking whether ftruncate works
configure:4995: /Users/eric/emsdk/upstream/emscripten/emcc -o conftest -g -O2  -fPIC -fno-common  -g -O2 conftest.c  >&5
configure:4995: $? = 0
configure:4999: result: yes
configure:5013: checking whether long long is defined
configure:5029: /Users/eric/emsdk/upstream/emscripten/emcc -c -g -O2  -fPIC -fno-common  conftest.c >&5
configure:5029: $? = 0
configure:5033: result: yes
configure:5054: checking whether system V style IPC services are supported
configure:5075: /Users/eric/emsdk/upstream/emscripten/emcc -o conftest -g -O2  -fPIC -fno-common  -g -O2 conftest.c  >&5
error: undefined symbol: semget (referenced by top-level compiled C/C++ code)
warning: Link with `-s LLD_REPORT_UNDEFINED` to get more information on undefined symbols
warning: To disable errors for undefined symbols use `-s ERROR_ON_UNDEFINED_SYMBOLS=0`
warning: _semget may need to be added to EXPORTED_FUNCTIONS if it arrives from a system library
error: undefined symbol: shmat (referenced by top-level compiled C/C++ code)
warning: _shmat may need to be added to EXPORTED_FUNCTIONS if it arrives from a system library
error: undefined symbol: shmdt (referenced by top-level compiled C/C++ code)
warning: _shmdt may need to be added to EXPORTED_FUNCTIONS if it arrives from a system library
error: undefined symbol: shmget (referenced by top-level compiled C/C++ code)
warning: _shmget may need to be added to EXPORTED_FUNCTIONS if it arrives from a system library
Error: Aborting compilation due to previous errors
emcc: error: '/Users/eric/emsdk/node/14.15.5_64bit/bin/node /Users/eric/emsdk/upstream/emscripten/src/compiler.js /var/folders/hl/0rxttnz48xldqq006s7f7t980000gp/T/tmpi_p36zpj.txt' failed (returned 1)
configure:5075: $? = 1
configure: failed program was:
| /* confdefs.h */
| #define PACKAGE_NAME ""
| #define PACKAGE_TARNAME ""
| #define PACKAGE_VERSION ""
| #define PACKAGE_STRING ""
| #define PACKAGE_BUGREPORT ""
| #define PACKAGE_URL ""
| #define STDC_HEADERS 1
| #define HAVE_SYS_TYPES_H 1
| #define HAVE_SYS_STAT_H 1
| #define HAVE_STDLIB_H 1
| #define HAVE_STRING_H 1
| #define HAVE_MEMORY_H 1
| #define HAVE_STRINGS_H 1
| #define HAVE_INTTYPES_H 1
| #define HAVE_STDINT_H 1
| #define HAVE_UNISTD_H 1
| #define HAVE_STDLIB_H 1
| #define HAVE_STRING_H 1
| #define HAVE_MATH_H 1
| #define HAVE_LIMITS_H 1
| #define _LARGEFILE_SOURCE 1
| #define _FILE_OFFSET_BITS 64
| #define CFITSIO_HAVE_CURL 1
| #define HAVE_FTRUNCATE 1
| #define HAVE_LONGLONG 1
| /* end confdefs.h.  */
| #include <sys/ipc.h>
| #include <sys/shm.h>
| #include <sys/sem.h>
| 
| int
| main ()
| {
| 
| shmat(0, 0, 0);
| shmdt(0);
| shmget(0, 0, 0);
| semget(0, 0, 0);
| 
|   ;
|   return 0;
| }
configure:5084: result: no
configure:5096: checking whether flock_t is defined in sys/fcntl.h
configure:5112: /Users/eric/emsdk/upstream/emscripten/emcc -c -g -O2  -fPIC -fno-common  conftest.c >&5
In file included from conftest.c:28:
/Users/eric/emsdk/upstream/emscripten/cache/sysroot/include/sys/fcntl.h:1:2: warning: redirecting incorrect #include <sys/fcntl.h> to <fcntl.h> [-W#warnings]
#warning redirecting incorrect #include <sys/fcntl.h> to <fcntl.h>
 ^
conftest.c:34:1: error: use of undeclared identifier 'flock_t'
flock_t filler;
^
1 warning and 1 error generated.
emcc: error: '/Users/eric/emsdk/upstream/bin/clang -target wasm32-unknown-emscripten -DEMSCRIPTEN -fignore-exceptions -mllvm -combiner-global-alias-analysis=false -mllvm -enable-emscripten-sjlj -mllvm -disable-lsr -D__EMSCRIPTEN_major__=2 -D__EMSCRIPTEN_minor__=0 -D__EMSCRIPTEN_tiny__=23 -D_LIBCPP_ABI_VERSION=2 -Dunix -D__unix -D__unix__ -Werror=implicit-function-declaration -Xclang -iwithsysroot/include/SDL --sysroot=/Users/eric/emsdk/upstream/emscripten/cache/sysroot -Xclang -iwithsysroot/include/compat -c -g -O2 -fPIC -fno-common conftest.c -o conftest.o' failed (returned 1)
configure:5112: $? = 1
configure: failed program was:
| /* confdefs.h */
| #define PACKAGE_NAME ""
| #define PACKAGE_TARNAME ""
| #define PACKAGE_VERSION ""
| #define PACKAGE_STRING ""
| #define PACKAGE_BUGREPORT ""
| #define PACKAGE_URL ""
| #define STDC_HEADERS 1
| #define HAVE_SYS_TYPES_H 1
| #define HAVE_SYS_STAT_H 1
| #define HAVE_STDLIB_H 1
| #define HAVE_STRING_H 1
| #define HAVE_MEMORY_H 1
| #define HAVE_STRINGS_H 1
| #define HAVE_INTTYPES_H 1
| #define HAVE_STDINT_H 1
| #define HAVE_UNISTD_H 1
| #define HAVE_STDLIB_H 1
| #define HAVE_STRING_H 1
| #define HAVE_MATH_H 1
| #define HAVE_LIMITS_H 1
| #define _LARGEFILE_SOURCE 1
| #define _FILE_OFFSET_BITS 64
| #define CFITSIO_HAVE_CURL 1
| #define HAVE_FTRUNCATE 1
| #define HAVE_LONGLONG 1
| /* end confdefs.h.  */
| #include <sys/fcntl.h>
| 
| int
| main ()
| {
| 
| flock_t filler;
| 
|   ;
|   return 0;
| }
configure:5120: result: no
configure:5126: checking whether flock_t is defined in sys/flock.h
configure:5142: /Users/eric/emsdk/upstream/emscripten/emcc -c -g -O2  -fPIC -fno-common  conftest.c >&5
conftest.c:28:10: fatal error: 'sys/flock.h' file not found
#include <sys/flock.h>
         ^~~~~~~~~~~~~
1 error generated.
emcc: error: '/Users/eric/emsdk/upstream/bin/clang -target wasm32-unknown-emscripten -DEMSCRIPTEN -fignore-exceptions -mllvm -combiner-global-alias-analysis=false -mllvm -enable-emscripten-sjlj -mllvm -disable-lsr -D__EMSCRIPTEN_major__=2 -D__EMSCRIPTEN_minor__=0 -D__EMSCRIPTEN_tiny__=23 -D_LIBCPP_ABI_VERSION=2 -Dunix -D__unix -D__unix__ -Werror=implicit-function-declaration -Xclang -iwithsysroot/include/SDL --sysroot=/Users/eric/emsdk/upstream/emscripten/cache/sysroot -Xclang -iwithsysroot/include/compat -c -g -O2 -fPIC -fno-common conftest.c -o conftest.o' failed (returned 1)
configure:5142: $? = 1
configure: failed program was:
| /* confdefs.h */
| #define PACKAGE_NAME ""
| #define PACKAGE_TARNAME ""
| #define PACKAGE_VERSION ""
| #define PACKAGE_STRING ""
| #define PACKAGE_BUGREPORT ""
| #define PACKAGE_URL ""
| #define STDC_HEADERS 1
| #define HAVE_SYS_TYPES_H 1
| #define HAVE_SYS_STAT_H 1
| #define HAVE_STDLIB_H 1
| #define HAVE_STRING_H 1
| #define HAVE_MEMORY_H 1
| #define HAVE_STRINGS_H 1
| #define HAVE_INTTYPES_H 1
| #define HAVE_STDINT_H 1
| #define HAVE_UNISTD_H 1
| #define HAVE_STDLIB_H 1
| #define HAVE_STRING_H 1
| #define HAVE_MATH_H 1
| #define HAVE_LIMITS_H 1
| #define _LARGEFILE_SOURCE 1
| #define _FILE_OFFSET_BITS 64
| #define CFITSIO_HAVE_CURL 1
| #define HAVE_FTRUNCATE 1
| #define HAVE_LONGLONG 1
| /* end confdefs.h.  */
| #include <sys/flock.h>
| 
| int
| main ()
| {
| 
|    flock_t filler;
| 
|   ;
|   return 0;
| }
configure:5150: result: no
configure:5218: checking whether union semun is defined
configure:5236: /Users/eric/emsdk/upstream/emscripten/emcc -c -g -O2  -fPIC -fno-common  conftest.c >&5
conftest.c:36:13: error: variable has incomplete type 'union semun'
union semun filler;
            ^
conftest.c:36:7: note: forward declaration of 'union semun'
union semun filler;
      ^
1 error generated.
emcc: error: '/Users/eric/emsdk/upstream/bin/clang -target wasm32-unknown-emscripten -DEMSCRIPTEN -fignore-exceptions -mllvm -combiner-global-alias-analysis=false -mllvm -enable-emscripten-sjlj -mllvm -disable-lsr -D__EMSCRIPTEN_major__=2 -D__EMSCRIPTEN_minor__=0 -D__EMSCRIPTEN_tiny__=23 -D_LIBCPP_ABI_VERSION=2 -Dunix -D__unix -D__unix__ -Werror=implicit-function-declaration -Xclang -iwithsysroot/include/SDL --sysroot=/Users/eric/emsdk/upstream/emscripten/cache/sysroot -Xclang -iwithsysroot/include/compat -c -g -O2 -fPIC -fno-common conftest.c -o conftest.o' failed (returned 1)
configure:5236: $? = 1
configure: failed program was:
| /* confdefs.h */
| #define PACKAGE_NAME ""
| #define PACKAGE_TARNAME ""
| #define PACKAGE_VERSION ""
| #define PACKAGE_STRING ""
| #define PACKAGE_BUGREPORT ""
| #define PACKAGE_URL ""
| #define STDC_HEADERS 1
| #define HAVE_SYS_TYPES_H 1
| #define HAVE_SYS_STAT_H 1
| #define HAVE_STDLIB_H 1
| #define HAVE_STRING_H 1
| #define HAVE_MEMORY_H 1
| #define HAVE_STRINGS_H 1
| #define HAVE_INTTYPES_H 1
| #define HAVE_STDINT_H 1
| #define HAVE_UNISTD_H 1
| #define HAVE_STDLIB_H 1
| #define HAVE_STRING_H 1
| #define HAVE_MATH_H 1
| #define HAVE_LIMITS_H 1
| #define _LARGEFILE_SOURCE 1
| #define _FILE_OFFSET_BITS 64
| #define CFITSIO_HAVE_CURL 1
| #define HAVE_FTRUNCATE 1
| #define HAVE_LONGLONG 1
| /* end confdefs.h.  */
| #include <sys/ipc.h>
| #include <sys/shm.h>
| #include <sys/sem.h>
| 
| int
| main ()
| {
| 
| union semun filler;
| 
|   ;
|   return 0;
| }
configure:5244: result: no
configure:5253: checking for fmemopen
configure:5253: /Users/eric/emsdk/upstream/emscripten/emcc -o conftest -g -O2  -fPIC -fno-common  -g -O2 conftest.c  >&5
wasm-ld: warning: function signature mismatch: fmemopen
>>> defined as () -> i32 in /var/folders/hl/0rxttnz48xldqq006s7f7t980000gp/T/emscripten_temp_l_o1gigi/conftest_0.o
>>> defined as (i32, i32, i32) -> i32 in /Users/eric/emsdk/upstream/emscripten/cache/sysroot/lib/wasm32-emscripten/libc.a(fmemopen.o)
configure:5253: $? = 0
configure:5253: result: yes
configure:5266: checking for library containing gethostbyname
configure:5297: /Users/eric/emsdk/upstream/emscripten/emcc -o conftest -g -O2  -fPIC -fno-common  -g -O2 conftest.c  >&5
configure:5297: $? = 0
configure:5314: result: none required
configure:5324: checking for library containing connect
configure:5355: /Users/eric/emsdk/upstream/emscripten/emcc -o conftest -g -O2  -fPIC -fno-common  -g -O2 conftest.c  >&5
wasm-ld: warning: function signature mismatch: connect
>>> defined as () -> i32 in /var/folders/hl/0rxttnz48xldqq006s7f7t980000gp/T/emscripten_temp_pzfz0w9l/conftest_0.o
>>> defined as (i32, i32, i32) -> i32 in /Users/eric/emsdk/upstream/emscripten/cache/sysroot/lib/wasm32-emscripten/libsockets.a(connect.o)
configure:5355: $? = 0
configure:5372: result: none required
configure:5542: creating ./config.status

## ---------------------- ##
## Running config.status. ##
## ---------------------- ##

This file was extended by config.status, which was
generated by GNU Autoconf 2.69.  Invocation command line was

  CONFIG_FILES    = 
  CONFIG_HEADERS  = 
  CONFIG_LINKS    = 
  CONFIG_COMMANDS = 
  $ ./config.status 

on baba.local

config.status:759: creating Makefile
configure:6699: creating ./config.status

## ---------------------- ##
## Running config.status. ##
## ---------------------- ##

This file was extended by config.status, which was
generated by GNU Autoconf 2.69.  Invocation command line was

  CONFIG_FILES    = 
  CONFIG_HEADERS  = 
  CONFIG_LINKS    = 
  CONFIG_COMMANDS = 
  $ ./config.status 

on baba.local

config.status:760: creating Makefile
config.status:760: creating cfitsio.pc
configure:7707: result: 
configure:7709: result:     Congratulations, Makefile update was successful.
configure:7711: result:     You may want to run "make" now.
configure:7713: result: 

## ---------------- ##
## Cache variables. ##
## ---------------- ##

ac_cv_build=x86_64-apple-darwin19.6.0
ac_cv_c_compiler_gnu=yes
ac_cv_env_CC_set=set
ac_cv_env_CC_value=/Users/eric/emsdk/upstream/emscripten/emcc
ac_cv_env_CFLAGS_set=
ac_cv_env_CFLAGS_value=
ac_cv_env_CPPFLAGS_set=
ac_cv_env_CPPFLAGS_value=
ac_cv_env_CPP_set=
ac_cv_env_CPP_value=
ac_cv_env_LDFLAGS_set=
ac_cv_env_LDFLAGS_value=
ac_cv_env_LIBS_set=
ac_cv_env_LIBS_value=
ac_cv_env_build_alias_set=
ac_cv_env_build_alias_value=
ac_cv_env_host_alias_set=
ac_cv_env_host_alias_value=
ac_cv_env_target_alias_set=
ac_cv_env_target_alias_value=
ac_cv_func_fmemopen=yes
ac_cv_header_inttypes_h=yes
ac_cv_header_limits_h=yes
ac_cv_header_math_h=yes
ac_cv_header_memory_h=yes
ac_cv_header_stdc=yes
ac_cv_header_stdint_h=yes
ac_cv_header_stdlib_h=yes
ac_cv_header_string_h=yes
ac_cv_header_strings_h=yes
ac_cv_header_sys_stat_h=yes
ac_cv_header_sys_types_h=yes
ac_cv_header_unistd_h=yes
ac_cv_host=x86_64-apple-darwin19.6.0
ac_cv_objext=o
ac_cv_path_EGREP='/usr/bin/grep -E'
ac_cv_path_GREP=/usr/bin/grep
ac_cv_prog_AR=/Users/eric/emsdk/upstream/emscripten/emar
ac_cv_prog_CPP='/Users/eric/emsdk/upstream/emscripten/emcc -E'
ac_cv_prog_CURLCONFIG=curl-config
ac_cv_prog_ac_ct_CC=/Users/eric/emsdk/upstream/emscripten/emcc
ac_cv_prog_ac_ct_RANLIB=/Users/eric/emsdk/upstream/emscripten/emranlib
ac_cv_prog_cc_c89=
ac_cv_prog_cc_g=yes
ac_cv_search_connect='none required'
ac_cv_search_gethostbyname='none required'
ac_cv_target=x86_64-apple-darwin19.6.0

## ----------------- ##
## Output variables. ##
## ----------------- ##

AR='/Users/eric/emsdk/upstream/emscripten/emar'
ARCH='i386'
ARCHIVE='/Users/eric/emsdk/upstream/emscripten/emar rv'
CC='/Users/eric/emsdk/upstream/emscripten/emcc'
CFITSIO_MAJOR='3'
CFITSIO_MINOR='49'
CFITSIO_SHLIB='lib${PACKAGE}.${CFITSIO_SONAME}.${CFITSIO_MAJOR}.${CFITSIO_MINOR}${SHLIB_SUFFIX}'
CFITSIO_SHLIB_SONAME='lib${PACKAGE}.${CFITSIO_SONAME}${SHLIB_SUFFIX}'
CFITSIO_SONAME='9'
CFLAGS='-g -O2  -fPIC -fno-common'
CPP='/Users/eric/emsdk/upstream/emscripten/emcc -E'
CPPFLAGS=''
CURLCONFIG='curl-config'
DEFS='-DPACKAGE_NAME=\"\" -DPACKAGE_TARNAME=\"\" -DPACKAGE_VERSION=\"\" -DPACKAGE_STRING=\"\" -DPACKAGE_BUGREPORT=\"\" -DPACKAGE_URL=\"\" -DSTDC_HEADERS=1 -DHAVE_SYS_TYPES_H=1 -DHAVE_SYS_STAT_H=1 -DHAVE_STDLIB_H=1 -DHAVE_STRING_H=1 -DHAVE_MEMORY_H=1 -DHAVE_STRINGS_H=1 -DHAVE_INTTYPES_H=1 -DHAVE_STDINT_H=1 -DHAVE_UNISTD_H=1 -DHAVE_STDLIB_H=1 -DHAVE_STRING_H=1 -DHAVE_MATH_H=1 -DHAVE_LIMITS_H=1 -D_LARGEFILE_SOURCE=1 -D_FILE_OFFSET_BITS=64 -DCFITSIO_HAVE_CURL=1 -DHAVE_FTRUNCATE=1 -DHAVE_LONGLONG=1 -DHAVE_FMEMOPEN=1 -DHAVE_NET_SERVICES=1'
ECHO_C='\c'
ECHO_N=''
ECHO_T=''
EGREP='/usr/bin/grep -E'
EXEEXT=''
F77_WRAPPERS=''
FC=''
GCCVERSION='2.0.23'
GREP='/usr/bin/grep'
GSIFTP_SRC=''
INSTALL_ROOT='${prefix}'
LDFLAGS='-g -O2'
LDFLAGS_BIN='-g -O2 -Wl,-rpath,${CFITSIO_LIB}'
LIBOBJS=''
LIBPRE=''
LIBS=''
LIBS_CURL='-lcurl'
LTLIBOBJS=''
OBJEXT='o'
PACKAGE_BUGREPORT=''
PACKAGE_NAME=''
PACKAGE_STRING=''
PACKAGE_TARNAME=''
PACKAGE_URL=''
PACKAGE_VERSION=''
PATH_SEPARATOR=':'
RANLIB='/Users/eric/emsdk/upstream/emscripten/emranlib'
SHELL='/bin/sh'
SHLIB_LD='/Users/eric/emsdk/upstream/emscripten/emcc -dynamiclib  -headerpad_max_install_names -install_name @rpath/lib${PACKAGE}.${CFITSIO_SONAME}${SHLIB_SUFFIX} -compatibility_version ${CFITSIO_SONAME} -current_version ${CFITSIO_SONAME}.${CFITSIO_MAJOR}.${CFITSIO_MINOR}'
SHLIB_SUFFIX='.dylib'
SSE_FLAGS=''
ac_ct_CC='/Users/eric/emsdk/upstream/emscripten/emcc'
bindir='${exec_prefix}/bin'
build='x86_64-apple-darwin19.6.0'
build_alias=''
build_cpu='x86_64'
build_os='darwin19.6.0'
build_vendor='apple'
datadir='${datarootdir}'
datarootdir='${prefix}/share'
docdir='${datarootdir}/doc/${PACKAGE}'
dvidir='${docdir}'
exec_prefix='${prefix}'
host='x86_64-apple-darwin19.6.0'
host_alias=''
host_cpu='x86_64'
host_os='darwin19.6.0'
host_vendor='apple'
htmldir='${docdir}'
includedir='${prefix}/include'
infodir='${datarootdir}/info'
libdir='${exec_prefix}/lib'
libexecdir='${exec_prefix}/libexec'
localedir='${datarootdir}/locale'
localstatedir='${prefix}/var'
mandir='${datarootdir}/man'
my_shmem=''
oldincludedir='/usr/include'
pdfdir='${docdir}'
prefix='/Users/eric/drvrem/cfitsio-3.49'
program_transform_name='s,x,x,'
psdir='${docdir}'
sbindir='${exec_prefix}/sbin'
sharedstatedir='${prefix}/com'
sysconfdir='${prefix}/etc'
target='x86_64-apple-darwin19.6.0'
target_alias=''
target_cpu='x86_64'
target_os='darwin19.6.0'
target_vendor='apple'

## ----------- ##
## confdefs.h. ##
## ----------- ##

/* confdefs.h */
#define PACKAGE_NAME ""
#define PACKAGE_TARNAME ""
#define PACKAGE_VERSION ""
#define PACKAGE_STRING ""
#define PACKAGE_BUGREPORT ""
#define PACKAGE_URL ""
#define STDC_HEADERS 1
#define HAVE_SYS_TYPES_H 1
#define HAVE_SYS_STAT_H 1
#define HAVE_STDLIB_H 1
#define HAVE_STRING_H 1
#define HAVE_MEMORY_H 1
#define HAVE_STRINGS_H 1
#define HAVE_INTTYPES_H 1
#define HAVE_STDINT_H 1
#define HAVE_UNISTD_H 1
#define HAVE_STDLIB_H 1
#define HAVE_STRING_H 1
#define HAVE_MATH_H 1
#define HAVE_LIMITS_H 1
#define _LARGEFILE_SOURCE 1
#define _FILE_OFFSET_BITS 64
#define CFITSIO_HAVE_CURL 1
#define HAVE_FTRUNCATE 1
#define HAVE_LONGLONG 1
#define HAVE_FMEMOPEN 1
#define HAVE_NET_SERVICES 1

configure: exit 0
